<?xml version="1.0" encoding="UTF-8"?>
<robot generator="Robot 3.2.2 (Python 3.8.5 on linux)" generated="20200904 11:40:47.268" rpa="false">
<suite id="s1" name="Testapi" source="/usr/src/tests/apitests/testapi.robot">
<test id="s1-t1" name="First Test">
<kw name="Log To Console" library="BuiltIn">
<doc>Logs the given message to the console.</doc>
<arguments>
<arg>test</arg>
</arguments>
<status status="PASS" starttime="20200904 11:40:47.375" endtime="20200904 11:40:47.375"></status>
</kw>
<kw name="Call" library="ConnectionLibrary">
<msg timestamp="20200904 11:40:47.375" level="INFO">calling</msg>
<status status="PASS" starttime="20200904 11:40:47.375" endtime="20200904 11:40:47.375"></status>
</kw>
<status status="PASS" starttime="20200904 11:40:47.374" endtime="20200904 11:40:47.376" critical="yes"></status>
</test>
<status status="PASS" starttime="20200904 11:40:47.270" endtime="20200904 11:40:47.376"></status>
</suite>
<statistics>
<total>
<stat pass="1" fail="0">Critical Tests</stat>
<stat pass="1" fail="0">All Tests</stat>
</total>
<tag>
</tag>
<suite>
<stat pass="1" fail="0" id="s1" name="Testapi">Testapi</stat>
</suite>
</statistics>
<errors>
</errors>
</robot>
